{
  "0 debug pnpm:scope": {
    "selected": 1,
    "workspacePrefix": "/Users/stevenyung/Code/guillotin"
  },
  "1 info pnpm": {
    "err": {
      "name": "Error",
      "message": "Command failed with ENOENT: build\nspawn build ENOENT",
      "code": "ENOENT",
      "stack": "Error: Command failed with ENOENT: build\nspawn build ENOENT\n    at Process.ChildProcess._handle.onexit (node:internal/child_process:282:19)\n    at onErrorNT (node:internal/child_process:480:16)\n    at processTicksAndRejections (node:internal/process/task_queues:83:21)"
    }
  },
  "2 error pnpm": {
    "errno": -2,
    "code": "ERR_PNPM_RECURSIVE_EXEC_FIRST_FAIL",
    "syscall": "spawn build",
    "path": "build",
    "spawnargs": [],
    "originalMessage": "spawn build ENOENT",
    "shortMessage": "Command failed with ENOENT: build\nspawn build ENOENT",
    "command": "build",
    "escapedCommand": "build",
    "failed": true,
    "timedOut": false,
    "isCanceled": false,
    "killed": false,
    "prefix": "/Users/stevenyung/Code/guillotin/packages/core/example",
    "err": {
      "name": "Error",
      "message": "Command failed with ENOENT: build\nspawn build ENOENT",
      "code": "ERR_PNPM_RECURSIVE_EXEC_FIRST_FAIL",
      "stack": "Error: Command failed with ENOENT: build\nspawn build ENOENT\n    at Process.ChildProcess._handle.onexit (node:internal/child_process:282:19)\n    at onErrorNT (node:internal/child_process:480:16)\n    at processTicksAndRejections (node:internal/process/task_queues:83:21)"
    }
  }
}